<?xml version="1.0" encoding="UTF-8"?>
<!-- Generated by org.testng.reporters.JUnitReportReporter -->
<testsuite skipped="0" hostname="AswinikumarsMBP.lan" name="twc.Automation.SmokeTestCases.ApkDowload" tests="2" failures="0" timestamp="2020-08-05T16:56:18 IST" time="321.116" errors="0">
  <testcase name="downloadApkfromAppTester" time="94.053" classname="twc.Automation.SmokeTestCases.ApkDowload"/>
  <testcase name="installApkinDevice" time="227.063" classname="twc.Automation.SmokeTestCases.ApkDowload"/>
</testsuite> <!-- twc.Automation.SmokeTestCases.ApkDowload -->
