<?xml version="1.0" encoding="UTF-8"?>
<!-- Generated by org.testng.reporters.JUnitReportReporter -->
<testsuite skipped="41" hostname="AswinikumarsMBP.lan" name="twc.Automation.SmokeTestCases.smokeTestCases" tests="42" failures="0" timestamp="2020-07-24T18:45:45 IST" time="175.313" errors="1">
  <testcase name="Before_Test" time="175.313" classname="twc.Automation.SmokeTestCases.smokeTestCases">
    <error type="org.openqa.selenium.NoSuchElementException" message="An element could not be located on the page using the given search parameters. (WARNING: The server did not provide any stacktrace information)
Command duration or timeout: 21.76 seconds
For documentation on this error, please visit: http://seleniumhq.org/exceptions/no_such_element.html
Build info: version: &#039;2.51.0&#039;, revision: &#039;1af067dbcaedd7d2ab9af5151fc471d363d97193&#039;, time: &#039;2016-02-05 11:20:57&#039;
System info: host: &#039;AswinikumarsMBP.lan&#039;, ip: &#039;192.168.1.15&#039;, os.name: &#039;Mac OS X&#039;, os.arch: &#039;x86_64&#039;, os.version: &#039;10.14.6&#039;, java.version: &#039;1.8.0_181&#039;
Driver info: io.appium.java_client.android.AndroidDriver
Capabilities [{appPackage=com.weather.Weather, statBarHeight=98, noReset=true, viewportRect={top=98, left=0, width=1440, height=2614}, deviceName=803KPXV1599674, platform=LINUX, deviceUDID=803KPXV1599674, desired={app=/Users/aswinikumar/Documents/adsandroid-automation-master/Android_Smoke/APKFile/app-google-debug-714.apk, appPackage=com.weather.Weather, appium-version=1.4.13, noReset=true, newCommandTimeout=100000, platformVersion=11.0, platformName=Android, deviceName=Samsung}, appium-version=1.4.13, newCommandTimeout=100000, platformVersion=11, webStorageEnabled=false, takesScreenshot=true, javascriptEnabled=true, platformName=Android, deviceApiLevel=30, deviceManufacturer=Google, app=/Users/aswinikumar/Documents/adsandroid-automation-master/Android_Smoke/APKFile/app-google-debug-714.apk, deviceScreenSize=1440x2880, networkConnectionEnabled=true, warnings={}, databaseEnabled=false, pixelRatio=3.5, locationContextEnabled=false, deviceScreenDensity=560, deviceModel=Pixel 2 XL}]
Session ID: 33c31302-f0ec-4e34-bbd7-30023d12fcf7
*** Element info: {Using=accessibility id, value=Interstitial close button}">
      <![CDATA[org.openqa.selenium.NoSuchElementException: An element could not be located on the page using the given search parameters. (WARNING: The server did not provide any stacktrace information)
Command duration or timeout: 21.76 seconds
For documentation on this error, please visit: http://seleniumhq.org/exceptions/no_such_element.html
Build info: version: '2.51.0', revision: '1af067dbcaedd7d2ab9af5151fc471d363d97193', time: '2016-02-05 11:20:57'
System info: host: 'AswinikumarsMBP.lan', ip: '192.168.1.15', os.name: 'Mac OS X', os.arch: 'x86_64', os.version: '10.14.6', java.version: '1.8.0_181'
Driver info: io.appium.java_client.android.AndroidDriver
Capabilities [{appPackage=com.weather.Weather, statBarHeight=98, noReset=true, viewportRect={top=98, left=0, width=1440, height=2614}, deviceName=803KPXV1599674, platform=LINUX, deviceUDID=803KPXV1599674, desired={app=/Users/aswinikumar/Documents/adsandroid-automation-master/Android_Smoke/APKFile/app-google-debug-714.apk, appPackage=com.weather.Weather, appium-version=1.4.13, noReset=true, newCommandTimeout=100000, platformVersion=11.0, platformName=Android, deviceName=Samsung}, appium-version=1.4.13, newCommandTimeout=100000, platformVersion=11, webStorageEnabled=false, takesScreenshot=true, javascriptEnabled=true, platformName=Android, deviceApiLevel=30, deviceManufacturer=Google, app=/Users/aswinikumar/Documents/adsandroid-automation-master/Android_Smoke/APKFile/app-google-debug-714.apk, deviceScreenSize=1440x2880, networkConnectionEnabled=true, warnings={}, databaseEnabled=false, pixelRatio=3.5, locationContextEnabled=false, deviceScreenDensity=560, deviceModel=Pixel 2 XL}]
Session ID: 33c31302-f0ec-4e34-bbd7-30023d12fcf7
*** Element info: {Using=accessibility id, value=Interstitial close button}
at sun.reflect.NativeConstructorAccessorImpl.newInstance0(Native Method)
at sun.reflect.NativeConstructorAccessorImpl.newInstance(NativeConstructorAccessorImpl.java:62)
at sun.reflect.DelegatingConstructorAccessorImpl.newInstance(DelegatingConstructorAccessorImpl.java:45)
at java.lang.reflect.Constructor.newInstance(Constructor.java:423)
at org.openqa.selenium.remote.ErrorHandler.createThrowable(ErrorHandler.java:206)
at org.openqa.selenium.remote.ErrorHandler.throwIfResponseFailed(ErrorHandler.java:158)
at org.openqa.selenium.remote.RemoteWebDriver.execute(RemoteWebDriver.java:678)
at io.appium.java_client.DefaultGenericMobileDriver.execute(DefaultGenericMobileDriver.java:42)
at io.appium.java_client.AppiumDriver.execute(AppiumDriver.java:1)
at io.appium.java_client.android.AndroidDriver.execute(AndroidDriver.java:1)
at org.openqa.selenium.remote.RemoteWebDriver.findElement(RemoteWebDriver.java:363)
at io.appium.java_client.DefaultGenericMobileDriver.findElementByAccessibilityId(DefaultGenericMobileDriver.java:144)
at io.appium.java_client.AppiumDriver.findElementByAccessibilityId(AppiumDriver.java:1)
at io.appium.java_client.android.AndroidDriver.findElementByAccessibilityId(AndroidDriver.java:1)
at twc.Automation.General.Functions.closeInterstailAds(Functions.java:6001)
at twc.Automation.SmokeTestCases.smokeTestCases.Before_Test(smokeTestCases.java:1939)
at sun.reflect.NativeMethodAccessorImpl.invoke0(Native Method)
at sun.reflect.NativeMethodAccessorImpl.invoke(NativeMethodAccessorImpl.java:62)
at sun.reflect.DelegatingMethodAccessorImpl.invoke(DelegatingMethodAccessorImpl.java:43)
at java.lang.reflect.Method.invoke(Method.java:498)
at org.testng.internal.MethodInvocationHelper.invokeMethod(MethodInvocationHelper.java:133)
at org.testng.internal.MethodInvocationHelper.invokeMethodConsideringTimeout(MethodInvocationHelper.java:62)
at org.testng.internal.ConfigInvoker.invokeConfigurationMethod(ConfigInvoker.java:340)
at org.testng.internal.ConfigInvoker.invokeConfigurations(ConfigInvoker.java:294)
at org.testng.TestRunner.invokeTestConfigurations(TestRunner.java:623)
at org.testng.TestRunner.beforeRun(TestRunner.java:613)
at org.testng.TestRunner.run(TestRunner.java:584)
at org.testng.SuiteRunner.runTest(SuiteRunner.java:402)
at org.testng.SuiteRunner.runSequentially(SuiteRunner.java:396)
at org.testng.SuiteRunner.privateRun(SuiteRunner.java:355)
at org.testng.SuiteRunner.run(SuiteRunner.java:304)
at org.testng.SuiteRunnerWorker.runSuite(SuiteRunnerWorker.java:53)
at org.testng.SuiteRunnerWorker.run(SuiteRunnerWorker.java:96)
at org.testng.TestNG.runSuitesSequentially(TestNG.java:1180)
at org.testng.TestNG.runSuitesLocally(TestNG.java:1102)
at org.testng.TestNG.runSuites(TestNG.java:1032)
at org.testng.TestNG.run(TestNG.java:1000)
at org.testng.remote.AbstractRemoteTestNG.run(AbstractRemoteTestNG.java:115)
at org.testng.remote.RemoteTestNG.initAndRun(RemoteTestNG.java:251)
at org.testng.remote.RemoteTestNG.main(RemoteTestNG.java:77)
]]>
    </error>
  </testcase> <!-- Before_Test -->
  <testcase name="Smoke_Test_CaseVerify_Homescreen_marquee_adCall_FTL" time="0.000" classname="twc.Automation.SmokeTestCases.smokeTestCases">
    <skipped/>
  </testcase> <!-- Smoke_Test_CaseVerify_Homescreen_marquee_adCall_FTL -->
  <testcase name="Smoke_Test_Verifying_homescreenhourly__adCall_FTL" time="0.000" classname="twc.Automation.SmokeTestCases.smokeTestCases">
    <skipped/>
  </testcase> <!-- Smoke_Test_Verifying_homescreenhourly__adCall_FTL -->
  <testcase name="Smoke_Test_verifying_feed_1adcall_FTL" time="0.000" classname="twc.Automation.SmokeTestCases.smokeTestCases">
    <skipped/>
  </testcase> <!-- Smoke_Test_verifying_feed_1adcall_FTL -->
  <testcase name="Smoke_Test_verifying_feed_2adcall_FTL" time="0.000" classname="twc.Automation.SmokeTestCases.smokeTestCases">
    <skipped/>
  </testcase> <!-- Smoke_Test_verifying_feed_2adcall_FTL -->
  <testcase name="Smoke_Test_verifying_feed_3adCall_FTL" time="0.000" classname="twc.Automation.SmokeTestCases.smokeTestCases">
    <skipped/>
  </testcase> <!-- Smoke_Test_verifying_feed_3adCall_FTL -->
  <testcase name="Smoke_Test_verifying_feed_4adcall_FTL" time="0.000" classname="twc.Automation.SmokeTestCases.smokeTestCases">
    <skipped/>
  </testcase> <!-- Smoke_Test_verifying_feed_4adcall_FTL -->
  <testcase name="Smoke_Test_verifying_feed_5adCall_FTL" time="0.000" classname="twc.Automation.SmokeTestCases.smokeTestCases">
    <skipped/>
  </testcase> <!-- Smoke_Test_verifying_feed_5adCall_FTL -->
  <testcase name="Smoke_Test_Verify_daily_feedcard_adCall_FTL" time="0.000" classname="twc.Automation.SmokeTestCases.smokeTestCases">
    <skipped/>
  </testcase> <!-- Smoke_Test_Verify_daily_feedcard_adCall_FTL -->
  <testcase name="Smoke_Test_Case_Verify_Radar_Maps_deatailspage_adCall_FTL" time="0.000" classname="twc.Automation.SmokeTestCases.smokeTestCases">
    <skipped/>
  </testcase> <!-- Smoke_Test_Case_Verify_Radar_Maps_deatailspage_adCall_FTL -->
  <testcase name="Smoke_Test_CaseVerify_Today_details_page_iu_FTL" time="0.000" classname="twc.Automation.SmokeTestCases.smokeTestCases">
    <skipped/>
  </testcase> <!-- Smoke_Test_CaseVerify_Today_details_page_iu_FTL -->
  <testcase name="Smoke_Test_Verify_Air_Quality_contentpage_adCall_FTL" time="0.000" classname="twc.Automation.SmokeTestCases.smokeTestCases">
    <skipped/>
  </testcase> <!-- Smoke_Test_Verify_Air_Quality_contentpage_adCall_FTL -->
  <testcase name="Smoke_Test_Verify_health_and_activities_Allergy_contenPage_adcall_FTL" time="0.000" classname="twc.Automation.SmokeTestCases.smokeTestCases">
    <skipped/>
  </testcase> <!-- Smoke_Test_Verify_health_and_activities_Allergy_contenPage_adcall_FTL -->
  <testcase name="Smoke_Test_Verify_outdoor_detailpage_adcall_FTL" time="0.000" classname="twc.Automation.SmokeTestCases.smokeTestCases">
    <skipped/>
  </testcase> <!-- Smoke_Test_Verify_outdoor_detailpage_adcall_FTL -->
  <testcase name="Smoke_Test_Verify_hourly_detailpage_adcall_FTL" time="0.000" classname="twc.Automation.SmokeTestCases.smokeTestCases">
    <skipped/>
  </testcase> <!-- Smoke_Test_Verify_hourly_detailpage_adcall_FTL -->
  <testcase name="Smoke_Test_Verify_hourly1_detailpage_bigad_adcall_FTL" time="0.000" classname="twc.Automation.SmokeTestCases.smokeTestCases">
    <skipped/>
  </testcase> <!-- Smoke_Test_Verify_hourly1_detailpage_bigad_adcall_FTL -->
  <testcase name="Smoke_Test_Verify_hourly2_detailpage_bigad_adcall_FTL" time="0.000" classname="twc.Automation.SmokeTestCases.smokeTestCases">
    <skipped/>
  </testcase> <!-- Smoke_Test_Verify_hourly2_detailpage_bigad_adcall_FTL -->
  <testcase name="Smoke_Test_Verify_hourly3__bigad_detailpage_adcall_FTL" time="0.000" classname="twc.Automation.SmokeTestCases.smokeTestCases">
    <skipped/>
  </testcase> <!-- Smoke_Test_Verify_hourly3__bigad_detailpage_adcall_FTL -->
  <testcase name="Smoke_Test_Verifying_newdailydetails_day1adcall_FTL" time="0.000" classname="twc.Automation.SmokeTestCases.smokeTestCases">
    <skipped/>
  </testcase> <!-- Smoke_Test_Verifying_newdailydetails_day1adcall_FTL -->
  <testcase name="Smoke_Test_Verifying_newdailydetails_day2adcall_FTL" time="0.000" classname="twc.Automation.SmokeTestCases.smokeTestCases">
    <skipped/>
  </testcase> <!-- Smoke_Test_Verifying_newdailydetails_day2adcall_FTL -->
  <testcase name="Smoke_Test_Verifying_newdailydetails_day3adcall_FTL" time="0.000" classname="twc.Automation.SmokeTestCases.smokeTestCases">
    <skipped/>
  </testcase> <!-- Smoke_Test_Verifying_newdailydetails_day3adcall_FTL -->
  <testcase name="Smoke_Test_Verifying_newdailydetails_day4adcall_FTL" time="0.000" classname="twc.Automation.SmokeTestCases.smokeTestCases">
    <skipped/>
  </testcase> <!-- Smoke_Test_Verifying_newdailydetails_day4adcall_FTL -->
  <testcase name="Smoke_Test_Verifying_newdailydetails_day5adcall_FTL" time="0.000" classname="twc.Automation.SmokeTestCases.smokeTestCases">
    <skipped/>
  </testcase> <!-- Smoke_Test_Verifying_newdailydetails_day5adcall_FTL -->
  <testcase name="Smoke_Test_Verifying_newdailydetails_day6adcall_FTL" time="0.000" classname="twc.Automation.SmokeTestCases.smokeTestCases">
    <skipped/>
  </testcase> <!-- Smoke_Test_Verifying_newdailydetails_day6adcall_FTL -->
  <testcase name="Smoke_Test_Verifying_newdailydetails_day7adcall_FTL" time="0.000" classname="twc.Automation.SmokeTestCases.smokeTestCases">
    <skipped/>
  </testcase> <!-- Smoke_Test_Verifying_newdailydetails_day7adcall_FTL -->
  <testcase name="Smoke_Test_Verifying_newdailydetails_day8adcall_FTL" time="0.000" classname="twc.Automation.SmokeTestCases.smokeTestCases">
    <skipped/>
  </testcase> <!-- Smoke_Test_Verifying_newdailydetails_day8adcall_FTL -->
  <testcase name="Smoke_Test_Verifying_newdailydetails_day9adcall_FTL" time="0.000" classname="twc.Automation.SmokeTestCases.smokeTestCases">
    <skipped/>
  </testcase> <!-- Smoke_Test_Verifying_newdailydetails_day9adcall_FTL -->
  <testcase name="Smoke_Test_Verifying_newdailydetails_day10adcall_FTL" time="0.000" classname="twc.Automation.SmokeTestCases.smokeTestCases">
    <skipped/>
  </testcase> <!-- Smoke_Test_Verifying_newdailydetails_day10adcall_FTL -->
  <testcase name="Smoke_Test_Verifying_newdailydetails_day11adcall_FTL" time="0.000" classname="twc.Automation.SmokeTestCases.smokeTestCases">
    <skipped/>
  </testcase> <!-- Smoke_Test_Verifying_newdailydetails_day11adcall_FTL -->
  <testcase name="Smoke_Test_Verifying_newdailydetails_day12adcall_FTL" time="0.000" classname="twc.Automation.SmokeTestCases.smokeTestCases">
    <skipped/>
  </testcase> <!-- Smoke_Test_Verifying_newdailydetails_day12adcall_FTL -->
  <testcase name="Smoke_Test_Verifying_newdailydetails_day13adcall_FTL" time="0.000" classname="twc.Automation.SmokeTestCases.smokeTestCases">
    <skipped/>
  </testcase> <!-- Smoke_Test_Verifying_newdailydetails_day13adcall_FTL -->
  <testcase name="Smoke_Test_Verifying_newdailydetails_day14adcall_FTL" time="0.000" classname="twc.Automation.SmokeTestCases.smokeTestCases">
    <skipped/>
  </testcase> <!-- Smoke_Test_Verifying_newdailydetails_day14adcall_FTL -->
  <testcase name="Smoke_Test_Verifying_newdailydetails_day15adcall_FTL" time="0.000" classname="twc.Automation.SmokeTestCases.smokeTestCases">
    <skipped/>
  </testcase> <!-- Smoke_Test_Verifying_newdailydetails_day15adcall_FTL -->
  <testcase name="Smoke_Test_CaseVerify_WeatherFXAPI_url_KillLaunch" time="0.000" classname="twc.Automation.SmokeTestCases.smokeTestCases">
    <skipped/>
  </testcase> <!-- Smoke_Test_CaseVerify_WeatherFXAPI_url_KillLaunch -->
  <testcase name="Smoke_Test_CaseVerify_Factualapi_url_KillLaunch" time="0.000" classname="twc.Automation.SmokeTestCases.smokeTestCases">
    <skipped/>
  </testcase> <!-- Smoke_Test_CaseVerify_Factualapi_url_KillLaunch -->
  <testcase name="Smoke_Test_CaseVerify_turbo_url_KillLaunch" time="0.000" classname="twc.Automation.SmokeTestCases.smokeTestCases">
    <skipped/>
  </testcase> <!-- Smoke_Test_CaseVerify_turbo_url_KillLaunch -->
  <testcase name="Smoke_Test_CaseVerify_adcrwdcntrlnet_url_KillLaunch" time="0.000" classname="twc.Automation.SmokeTestCases.smokeTestCases">
    <skipped/>
  </testcase> <!-- Smoke_Test_CaseVerify_adcrwdcntrlnet_url_KillLaunch -->
  <testcase name="Smoke_Test__Verifying_Bcp_apicall_URL_killLaunch" time="0.000" classname="twc.Automation.SmokeTestCases.smokeTestCases">
    <skipped/>
  </testcase> <!-- Smoke_Test__Verifying_Bcp_apicall_URL_killLaunch -->
  <testcase name="Smoke_Test_Verifying_homescreenhourly_pulltoreresh_scenario_killLaunch" time="0.000" classname="twc.Automation.SmokeTestCases.smokeTestCases">
    <skipped/>
  </testcase> <!-- Smoke_Test_Verifying_homescreenhourly_pulltoreresh_scenario_killLaunch -->
  <testcase name="Smoke_Test_Verifying_homescreenmarquee__pulltoreresh_scenario" time="0.000" classname="twc.Automation.SmokeTestCases.smokeTestCases">
    <skipped/>
  </testcase> <!-- Smoke_Test_Verifying_homescreenmarquee__pulltoreresh_scenario -->
  <testcase name="Smoke_Test_Verifying_homescreenhourly_adcall_enter_newLocation_scenario" time="0.000" classname="twc.Automation.SmokeTestCases.smokeTestCases">
    <skipped/>
  </testcase> <!-- Smoke_Test_Verifying_homescreenhourly_adcall_enter_newLocation_scenario -->
  <testcase name="Smoke_Test_Verifying_homescreenmarquee__enter_newLocation_scenario" time="0.000" classname="twc.Automation.SmokeTestCases.smokeTestCases">
    <skipped/>
  </testcase> <!-- Smoke_Test_Verifying_homescreenmarquee__enter_newLocation_scenario -->
</testsuite> <!-- twc.Automation.SmokeTestCases.smokeTestCases -->
