<?xml version="1.0" encoding="UTF-8"?>
<!-- Generated by org.testng.reporters.JUnitReportReporter -->
<testsuite skipped="0" hostname="AswinikumarsMBP.lan" name="twc.Automation.SmokeTestCases.ApkDowload" tests="2" failures="0" timestamp="2020-08-05T16:16:57 IST" time="286.620" errors="0">
  <testcase name="downloadApkfromAppTester" time="100.563" classname="twc.Automation.SmokeTestCases.ApkDowload"/>
  <testcase name="installApkinDevice" time="186.057" classname="twc.Automation.SmokeTestCases.ApkDowload"/>
</testsuite> <!-- twc.Automation.SmokeTestCases.ApkDowload -->
